<?xml version="1.0" encoding="UTF-8"?>
<testng-results retried="3" ignored="0" total="8" passed="5" failed="0" skipped="0">
  <reporter-output>
  </reporter-output>
  <suite started-at="2021-08-15T20:30:59 IST" name="Suite" finished-at="2021-08-15T20:33:31 IST" duration-ms="151535">
    <groups>
    </groups>
    <test started-at="2021-08-15T20:30:59 IST" name="Test" finished-at="2021-08-15T20:33:31 IST" duration-ms="151535">
      <class name="testNg.OpportunitiesSortByAscending">
        <test-method is-config="true" signature="openBrowserAndLogin(java.lang.String,java.lang.String,java.lang.String)[pri:0, instance:testNg.OpportunitiesSortByAscending@663c9e7a]" started-at="2021-08-15T20:30:59 IST" name="openBrowserAndLogin" finished-at="2021-08-15T20:31:08 IST" duration-ms="9034" status="PASS">
          <params>
            <param index="0">
              <value>
                <![CDATA[https://login.salesforce.com]]>
              </value>
            </param>
            <param index="1">
              <value>
                <![CDATA[makaia@testleaf.com]]>
              </value>
            </param>
            <param index="2">
              <value>
                <![CDATA[SelBootcamp$123]]>
              </value>
            </param>
          </params>
          <reporter-output>
          </reporter-output>
        </test-method> <!-- openBrowserAndLogin -->
        <test-method signature="OpportunitiesSortByAscendingTest()[pri:0, instance:testNg.OpportunitiesSortByAscending@663c9e7a]" started-at="2021-08-15T20:31:08 IST" name="OpportunitiesSortByAscendingTest" finished-at="2021-08-15T20:31:46 IST" duration-ms="37139" status="PASS">
          <reporter-output>
          </reporter-output>
        </test-method> <!-- OpportunitiesSortByAscendingTest -->
        <test-method is-config="true" signature="tearDown()[pri:0, instance:testNg.OpportunitiesSortByAscending@663c9e7a]" started-at="2021-08-15T20:31:46 IST" name="tearDown" finished-at="2021-08-15T20:31:48 IST" duration-ms="2615" status="PASS">
          <reporter-output>
          </reporter-output>
        </test-method> <!-- tearDown -->
      </class> <!-- testNg.OpportunitiesSortByAscending -->
      <class name="testNg.NonProfitCertifications">
        <test-method is-config="true" signature="openBrowserAndLogin(java.lang.String,java.lang.String,java.lang.String)[pri:0, instance:testNg.NonProfitCertifications@221a3fa4]" started-at="2021-08-15T20:30:59 IST" name="openBrowserAndLogin" finished-at="2021-08-15T20:31:05 IST" duration-ms="5809" status="PASS">
          <params>
            <param index="0">
              <value>
                <![CDATA[https://login.salesforce.com]]>
              </value>
            </param>
            <param index="1">
              <value>
                <![CDATA[makaia@testleaf.com]]>
              </value>
            </param>
            <param index="2">
              <value>
                <![CDATA[SelBootcamp$123]]>
              </value>
            </param>
          </params>
          <reporter-output>
          </reporter-output>
        </test-method> <!-- openBrowserAndLogin -->
        <test-method signature="NonProfitCertificationsTest()[pri:0, instance:testNg.NonProfitCertifications@221a3fa4]" started-at="2021-08-15T20:31:05 IST" name="NonProfitCertificationsTest" finished-at="2021-08-15T20:31:27 IST" duration-ms="22194" status="PASS">
          <reporter-output>
          </reporter-output>
        </test-method> <!-- NonProfitCertificationsTest -->
        <test-method is-config="true" signature="tearDown()[pri:0, instance:testNg.NonProfitCertifications@221a3fa4]" started-at="2021-08-15T20:31:27 IST" name="tearDown" finished-at="2021-08-15T20:31:30 IST" duration-ms="2202" status="PASS">
          <reporter-output>
          </reporter-output>
        </test-method> <!-- tearDown -->
      </class> <!-- testNg.NonProfitCertifications -->
      <class name="testNg.CreateNewOpportunity">
        <test-method is-config="true" signature="setSheetName()[pri:0, instance:testNg.CreateNewOpportunity@183ec003]" started-at="2021-08-15T20:30:59 IST" name="setSheetName" finished-at="2021-08-15T20:30:59 IST" duration-ms="10" status="PASS">
          <reporter-output>
          </reporter-output>
        </test-method> <!-- setSheetName -->
        <test-method is-config="true" signature="openBrowserAndLogin(java.lang.String,java.lang.String,java.lang.String)[pri:0, instance:testNg.CreateNewOpportunity@183ec003]" started-at="2021-08-15T20:31:00 IST" name="openBrowserAndLogin" finished-at="2021-08-15T20:31:08 IST" duration-ms="7804" status="PASS">
          <params>
            <param index="0">
              <value>
                <![CDATA[https://login.salesforce.com]]>
              </value>
            </param>
            <param index="1">
              <value>
                <![CDATA[makaia@testleaf.com]]>
              </value>
            </param>
            <param index="2">
              <value>
                <![CDATA[SelBootcamp$123]]>
              </value>
            </param>
          </params>
          <reporter-output>
          </reporter-output>
        </test-method> <!-- openBrowserAndLogin -->
        <test-method retried="true" signature="CreateNewOpportunityTest(java.lang.String,java.lang.String,java.lang.String)[pri:0, instance:testNg.CreateNewOpportunity@183ec003]" started-at="2021-08-15T20:31:08 IST" name="CreateNewOpportunityTest" data-provider="fecthData" finished-at="2021-08-15T20:31:33 IST" duration-ms="24909" status="SKIP">
          <params>
            <param index="0">
              <value>
                <![CDATA[Salesforce Automation by Vignesh Prahash]]>
              </value>
            </param>
            <param index="1">
              <value>
                <![CDATA[Needs Analysis]]>
              </value>
            </param>
            <param index="2">
              <value>
                <![CDATA[Opportunity "Salesforce Automation by Vignesh Prahash" was created.]]>
              </value>
            </param>
          </params>
          <exception class="org.openqa.selenium.NoSuchElementException">
            <message>
              <![CDATA[no such element: Unable to locate element: {"method":"xpath","selector":"//button[text()='View All']"}
  (Session info: chrome=92.0.4515.131)
For documentation on this error, please visit: https://selenium.dev/exceptions/#no_such_element
Build info: version: '4.0.0-alpha-6', revision: '5f43a29cfc'
System info: host: 'LAPTOP-LG2N16NC', ip: '192.168.99.1', os.name: 'Windows 10', os.arch: 'amd64', os.version: '10.0', java.version: '11'
Driver info: org.openqa.selenium.chrome.ChromeDriver
Capabilities {acceptInsecureCerts: false, browserName: chrome, browserVersion: 92.0.4515.131, chrome: {chromedriverVersion: 92.0.4515.107 (87a818b10553..., userDataDir: C:\Users\villu\AppData\Loca...}, goog:chromeOptions: {debuggerAddress: localhost:60330}, javascriptEnabled: true, networkConnectionEnabled: false, pageLoadStrategy: normal, platform: WINDOWS, platformName: WINDOWS, proxy: Proxy(), setWindowRect: true, strictFileInteractability: false, timeouts: {implicit: 0, pageLoad: 300000, script: 30000}, unhandledPromptBehavior: dismiss and notify, webauthn:extension:credBlob: true, webauthn:extension:largeBlob: true, webauthn:virtualAuthenticators: true}
Session ID: 80347549428e9b5b673b22c9ae1e54db
*** Element info: {Using=xpath, value=//button[text()='View All']}]]>
            </message>
            <full-stacktrace>
              <![CDATA[org.openqa.selenium.NoSuchElementException: no such element: Unable to locate element: {"method":"xpath","selector":"//button[text()='View All']"}
  (Session info: chrome=92.0.4515.131)
For documentation on this error, please visit: https://selenium.dev/exceptions/#no_such_element
Build info: version: '4.0.0-alpha-6', revision: '5f43a29cfc'
System info: host: 'LAPTOP-LG2N16NC', ip: '192.168.99.1', os.name: 'Windows 10', os.arch: 'amd64', os.version: '10.0', java.version: '11'
Driver info: org.openqa.selenium.chrome.ChromeDriver
Capabilities {acceptInsecureCerts: false, browserName: chrome, browserVersion: 92.0.4515.131, chrome: {chromedriverVersion: 92.0.4515.107 (87a818b10553..., userDataDir: C:\Users\villu\AppData\Loca...}, goog:chromeOptions: {debuggerAddress: localhost:60330}, javascriptEnabled: true, networkConnectionEnabled: false, pageLoadStrategy: normal, platform: WINDOWS, platformName: WINDOWS, proxy: Proxy(), setWindowRect: true, strictFileInteractability: false, timeouts: {implicit: 0, pageLoad: 300000, script: 30000}, unhandledPromptBehavior: dismiss and notify, webauthn:extension:credBlob: true, webauthn:extension:largeBlob: true, webauthn:virtualAuthenticators: true}
Session ID: 80347549428e9b5b673b22c9ae1e54db
*** Element info: {Using=xpath, value=//button[text()='View All']}
at java.base/jdk.internal.reflect.NativeConstructorAccessorImpl.newInstance0(Native Method)
at java.base/jdk.internal.reflect.NativeConstructorAccessorImpl.newInstance(NativeConstructorAccessorImpl.java:62)
at java.base/jdk.internal.reflect.DelegatingConstructorAccessorImpl.newInstance(DelegatingConstructorAccessorImpl.java:45)
at java.base/java.lang.reflect.Constructor.newInstance(Constructor.java:490)
at org.openqa.selenium.remote.codec.w3c.W3CHttpResponseCodec.createException(W3CHttpResponseCodec.java:196)
at org.openqa.selenium.remote.codec.w3c.W3CHttpResponseCodec.decode(W3CHttpResponseCodec.java:129)
at org.openqa.selenium.remote.codec.w3c.W3CHttpResponseCodec.decode(W3CHttpResponseCodec.java:53)
at org.openqa.selenium.remote.HttpCommandExecutor.execute(HttpCommandExecutor.java:160)
at org.openqa.selenium.remote.service.DriverCommandExecutor.execute(DriverCommandExecutor.java:83)
at org.openqa.selenium.remote.RemoteWebDriver.execute(RemoteWebDriver.java:582)
at org.openqa.selenium.remote.RemoteWebDriver.findElement(RemoteWebDriver.java:333)
at org.openqa.selenium.remote.RemoteWebDriver.findElementByXPath(RemoteWebDriver.java:451)
at org.openqa.selenium.By$ByXPath.findElement(By.java:394)
at org.openqa.selenium.remote.RemoteWebDriver.findElement(RemoteWebDriver.java:325)
at testNg.CreateNewOpportunity.CreateNewOpportunityTest(CreateNewOpportunity.java:34)
at java.base/jdk.internal.reflect.NativeMethodAccessorImpl.invoke0(Native Method)
at java.base/jdk.internal.reflect.NativeMethodAccessorImpl.invoke(NativeMethodAccessorImpl.java:62)
at java.base/jdk.internal.reflect.DelegatingMethodAccessorImpl.invoke(DelegatingMethodAccessorImpl.java:43)
at java.base/java.lang.reflect.Method.invoke(Method.java:566)
at org.testng.internal.MethodInvocationHelper.invokeMethod(MethodInvocationHelper.java:133)
at org.testng.internal.TestInvoker.invokeMethod(TestInvoker.java:598)
at org.testng.internal.TestInvoker.invokeTestMethod(TestInvoker.java:173)
at org.testng.internal.MethodRunner.runInSequence(MethodRunner.java:46)
at org.testng.internal.TestInvoker$MethodInvocationAgent.invoke(TestInvoker.java:824)
at org.testng.internal.TestInvoker.invokeTestMethods(TestInvoker.java:146)
at org.testng.internal.TestMethodWorker.invokeTestMethods(TestMethodWorker.java:146)
at org.testng.internal.TestMethodWorker.run(TestMethodWorker.java:128)
at java.base/java.util.concurrent.ThreadPoolExecutor.runWorker(ThreadPoolExecutor.java:1128)
at java.base/java.util.concurrent.ThreadPoolExecutor$Worker.run(ThreadPoolExecutor.java:628)
at java.base/java.lang.Thread.run(Thread.java:834)
]]>
            </full-stacktrace>
          </exception> <!-- org.openqa.selenium.NoSuchElementException -->
          <reporter-output>
          </reporter-output>
        </test-method> <!-- CreateNewOpportunityTest -->
        <test-method is-config="true" signature="tearDown()[pri:0, instance:testNg.CreateNewOpportunity@183ec003]" started-at="2021-08-15T20:31:33 IST" name="tearDown" finished-at="2021-08-15T20:31:35 IST" duration-ms="2249" status="PASS">
          <reporter-output>
          </reporter-output>
        </test-method> <!-- tearDown -->
        <test-method is-config="true" signature="openBrowserAndLogin(java.lang.String,java.lang.String,java.lang.String)[pri:0, instance:testNg.CreateNewOpportunity@183ec003]" started-at="2021-08-15T20:31:35 IST" name="openBrowserAndLogin" finished-at="2021-08-15T20:31:41 IST" duration-ms="5807" status="PASS">
          <params>
            <param index="0">
              <value>
                <![CDATA[https://login.salesforce.com]]>
              </value>
            </param>
            <param index="1">
              <value>
                <![CDATA[makaia@testleaf.com]]>
              </value>
            </param>
            <param index="2">
              <value>
                <![CDATA[SelBootcamp$123]]>
              </value>
            </param>
          </params>
          <reporter-output>
          </reporter-output>
        </test-method> <!-- openBrowserAndLogin -->
        <test-method signature="CreateNewOpportunityTest(java.lang.String,java.lang.String,java.lang.String)[pri:0, instance:testNg.CreateNewOpportunity@183ec003]" started-at="2021-08-15T20:31:41 IST" name="CreateNewOpportunityTest" data-provider="fecthData" finished-at="2021-08-15T20:31:55 IST" duration-ms="13910" status="PASS">
          <params>
            <param index="0">
              <value>
                <![CDATA[Salesforce Automation by Vignesh Prahash]]>
              </value>
            </param>
            <param index="1">
              <value>
                <![CDATA[Needs Analysis]]>
              </value>
            </param>
            <param index="2">
              <value>
                <![CDATA[Opportunity "Salesforce Automation by Vignesh Prahash" was created.]]>
              </value>
            </param>
          </params>
          <reporter-output>
          </reporter-output>
        </test-method> <!-- CreateNewOpportunityTest -->
        <test-method is-config="true" signature="tearDown()[pri:0, instance:testNg.CreateNewOpportunity@183ec003]" started-at="2021-08-15T20:31:55 IST" name="tearDown" finished-at="2021-08-15T20:31:57 IST" duration-ms="2185" status="PASS">
          <reporter-output>
          </reporter-output>
        </test-method> <!-- tearDown -->
      </class> <!-- testNg.CreateNewOpportunity -->
      <class name="testNg.EditOpportunity">
        <test-method is-config="true" signature="setSheetName()[pri:0, instance:testNg.EditOpportunity@7d9d0818]" started-at="2021-08-15T20:31:57 IST" name="setSheetName" finished-at="2021-08-15T20:31:57 IST" duration-ms="1" status="PASS">
          <reporter-output>
          </reporter-output>
        </test-method> <!-- setSheetName -->
        <test-method is-config="true" signature="openBrowserAndLogin(java.lang.String,java.lang.String,java.lang.String)[pri:0, instance:testNg.EditOpportunity@7d9d0818]" started-at="2021-08-15T20:31:57 IST" name="openBrowserAndLogin" finished-at="2021-08-15T20:32:03 IST" duration-ms="5272" status="PASS">
          <params>
            <param index="0">
              <value>
                <![CDATA[https://login.salesforce.com]]>
              </value>
            </param>
            <param index="1">
              <value>
                <![CDATA[makaia@testleaf.com]]>
              </value>
            </param>
            <param index="2">
              <value>
                <![CDATA[SelBootcamp$123]]>
              </value>
            </param>
          </params>
          <reporter-output>
          </reporter-output>
        </test-method> <!-- openBrowserAndLogin -->
        <test-method signature="EditOpportunityTest(java.lang.String,java.lang.String,java.lang.String,java.lang.String)[pri:0, instance:testNg.EditOpportunity@7d9d0818]" started-at="2021-08-15T20:32:03 IST" name="EditOpportunityTest" data-provider="fecthData" finished-at="2021-08-15T20:32:19 IST" depends-on-methods="testNg.CreateNewOpportunity.CreateNewOpportunityTest" duration-ms="16139" status="PASS">
          <params>
            <param index="0">
              <value>
                <![CDATA[Salesforce Automation by Vignesh Prahash]]>
              </value>
            </param>
            <param index="1">
              <value>
                <![CDATA[Perception Analysis]]>
              </value>
            </param>
            <param index="2">
              <value>
                <![CDATA[In progress]]>
              </value>
            </param>
            <param index="3">
              <value>
                <![CDATA[SalesForce]]>
              </value>
            </param>
          </params>
          <reporter-output>
          </reporter-output>
        </test-method> <!-- EditOpportunityTest -->
        <test-method is-config="true" signature="tearDown()[pri:0, instance:testNg.EditOpportunity@7d9d0818]" started-at="2021-08-15T20:32:19 IST" name="tearDown" finished-at="2021-08-15T20:32:21 IST" duration-ms="2291" status="PASS">
          <reporter-output>
          </reporter-output>
        </test-method> <!-- tearDown -->
      </class> <!-- testNg.EditOpportunity -->
      <class name="testNg.DeleteOpportunity">
        <test-method is-config="true" signature="setSheetName()[pri:0, instance:testNg.DeleteOpportunity@451001e5]" started-at="2021-08-15T20:32:21 IST" name="setSheetName" finished-at="2021-08-15T20:32:21 IST" duration-ms="0" status="PASS">
          <reporter-output>
          </reporter-output>
        </test-method> <!-- setSheetName -->
        <test-method is-config="true" signature="openBrowserAndLogin(java.lang.String,java.lang.String,java.lang.String)[pri:0, instance:testNg.DeleteOpportunity@451001e5]" started-at="2021-08-15T20:32:21 IST" name="openBrowserAndLogin" finished-at="2021-08-15T20:32:28 IST" duration-ms="6630" status="PASS">
          <params>
            <param index="0">
              <value>
                <![CDATA[https://login.salesforce.com]]>
              </value>
            </param>
            <param index="1">
              <value>
                <![CDATA[makaia@testleaf.com]]>
              </value>
            </param>
            <param index="2">
              <value>
                <![CDATA[SelBootcamp$123]]>
              </value>
            </param>
          </params>
          <reporter-output>
          </reporter-output>
        </test-method> <!-- openBrowserAndLogin -->
        <test-method retried="true" signature="DeleteOpportunityTest(java.lang.String,java.lang.String)[pri:0, instance:testNg.DeleteOpportunity@451001e5]" started-at="2021-08-15T20:32:28 IST" name="DeleteOpportunityTest" data-provider="fecthData" finished-at="2021-08-15T20:32:34 IST" depends-on-methods="testNg.EditOpportunity.EditOpportunityTest" duration-ms="5997" status="SKIP">
          <params>
            <param index="0">
              <value>
                <![CDATA[Salesforce Automation by Vignesh Prahash]]>
              </value>
            </param>
            <param index="1">
              <value>
                <![CDATA[Opportunity "Salesforce Automation by Vignesh Prahash" was deleted. Undo]]>
              </value>
            </param>
          </params>
          <exception class="org.openqa.selenium.StaleElementReferenceException">
            <message>
              <![CDATA[stale element reference: element is not attached to the page document
  (Session info: chrome=92.0.4515.131)
For documentation on this error, please visit: https://selenium.dev/exceptions/#stale_element_reference
Build info: version: '4.0.0-alpha-6', revision: '5f43a29cfc'
System info: host: 'LAPTOP-LG2N16NC', ip: '192.168.99.1', os.name: 'Windows 10', os.arch: 'amd64', os.version: '10.0', java.version: '11'
Driver info: org.openqa.selenium.chrome.ChromeDriver
Capabilities {acceptInsecureCerts: false, browserName: chrome, browserVersion: 92.0.4515.131, chrome: {chromedriverVersion: 92.0.4515.107 (87a818b10553..., userDataDir: C:\Users\villu\AppData\Loca...}, goog:chromeOptions: {debuggerAddress: localhost:50286}, javascriptEnabled: true, networkConnectionEnabled: false, pageLoadStrategy: normal, platform: WINDOWS, platformName: WINDOWS, proxy: Proxy(), setWindowRect: true, strictFileInteractability: false, timeouts: {implicit: 0, pageLoad: 300000, script: 30000}, unhandledPromptBehavior: dismiss and notify, webauthn:extension:credBlob: true, webauthn:extension:largeBlob: true, webauthn:virtualAuthenticators: true}
Session ID: cefdb151380ec31ccd838c44b8bc06fc]]>
            </message>
            <full-stacktrace>
              <![CDATA[org.openqa.selenium.StaleElementReferenceException: stale element reference: element is not attached to the page document
  (Session info: chrome=92.0.4515.131)
For documentation on this error, please visit: https://selenium.dev/exceptions/#stale_element_reference
Build info: version: '4.0.0-alpha-6', revision: '5f43a29cfc'
System info: host: 'LAPTOP-LG2N16NC', ip: '192.168.99.1', os.name: 'Windows 10', os.arch: 'amd64', os.version: '10.0', java.version: '11'
Driver info: org.openqa.selenium.chrome.ChromeDriver
Capabilities {acceptInsecureCerts: false, browserName: chrome, browserVersion: 92.0.4515.131, chrome: {chromedriverVersion: 92.0.4515.107 (87a818b10553..., userDataDir: C:\Users\villu\AppData\Loca...}, goog:chromeOptions: {debuggerAddress: localhost:50286}, javascriptEnabled: true, networkConnectionEnabled: false, pageLoadStrategy: normal, platform: WINDOWS, platformName: WINDOWS, proxy: Proxy(), setWindowRect: true, strictFileInteractability: false, timeouts: {implicit: 0, pageLoad: 300000, script: 30000}, unhandledPromptBehavior: dismiss and notify, webauthn:extension:credBlob: true, webauthn:extension:largeBlob: true, webauthn:virtualAuthenticators: true}
Session ID: cefdb151380ec31ccd838c44b8bc06fc
at java.base/jdk.internal.reflect.NativeConstructorAccessorImpl.newInstance0(Native Method)
at java.base/jdk.internal.reflect.NativeConstructorAccessorImpl.newInstance(NativeConstructorAccessorImpl.java:62)
at java.base/jdk.internal.reflect.DelegatingConstructorAccessorImpl.newInstance(DelegatingConstructorAccessorImpl.java:45)
at java.base/java.lang.reflect.Constructor.newInstance(Constructor.java:490)
at org.openqa.selenium.remote.codec.w3c.W3CHttpResponseCodec.createException(W3CHttpResponseCodec.java:196)
at org.openqa.selenium.remote.codec.w3c.W3CHttpResponseCodec.decode(W3CHttpResponseCodec.java:129)
at org.openqa.selenium.remote.codec.w3c.W3CHttpResponseCodec.decode(W3CHttpResponseCodec.java:53)
at org.openqa.selenium.remote.HttpCommandExecutor.execute(HttpCommandExecutor.java:160)
at org.openqa.selenium.remote.service.DriverCommandExecutor.execute(DriverCommandExecutor.java:83)
at org.openqa.selenium.remote.RemoteWebDriver.execute(RemoteWebDriver.java:582)
at org.openqa.selenium.remote.RemoteWebElement.execute(RemoteWebElement.java:316)
at org.openqa.selenium.remote.RemoteWebElement.click(RemoteWebElement.java:85)
at testNg.DeleteOpportunity.DeleteOpportunityTest(DeleteOpportunity.java:36)
at java.base/jdk.internal.reflect.NativeMethodAccessorImpl.invoke0(Native Method)
at java.base/jdk.internal.reflect.NativeMethodAccessorImpl.invoke(NativeMethodAccessorImpl.java:62)
at java.base/jdk.internal.reflect.DelegatingMethodAccessorImpl.invoke(DelegatingMethodAccessorImpl.java:43)
at java.base/java.lang.reflect.Method.invoke(Method.java:566)
at org.testng.internal.MethodInvocationHelper.invokeMethod(MethodInvocationHelper.java:133)
at org.testng.internal.TestInvoker.invokeMethod(TestInvoker.java:598)
at org.testng.internal.TestInvoker.invokeTestMethod(TestInvoker.java:173)
at org.testng.internal.MethodRunner.runInSequence(MethodRunner.java:46)
at org.testng.internal.TestInvoker$MethodInvocationAgent.invoke(TestInvoker.java:824)
at org.testng.internal.TestInvoker.invokeTestMethods(TestInvoker.java:146)
at org.testng.internal.TestMethodWorker.invokeTestMethods(TestMethodWorker.java:146)
at org.testng.internal.TestMethodWorker.run(TestMethodWorker.java:128)
at java.base/java.util.concurrent.ThreadPoolExecutor.runWorker(ThreadPoolExecutor.java:1128)
at java.base/java.util.concurrent.ThreadPoolExecutor$Worker.run(ThreadPoolExecutor.java:628)
at java.base/java.lang.Thread.run(Thread.java:834)
]]>
            </full-stacktrace>
          </exception> <!-- org.openqa.selenium.StaleElementReferenceException -->
          <reporter-output>
          </reporter-output>
        </test-method> <!-- DeleteOpportunityTest -->
        <test-method is-config="true" signature="tearDown()[pri:0, instance:testNg.DeleteOpportunity@451001e5]" started-at="2021-08-15T20:32:34 IST" name="tearDown" finished-at="2021-08-15T20:32:36 IST" duration-ms="2618" status="PASS">
          <reporter-output>
          </reporter-output>
        </test-method> <!-- tearDown -->
        <test-method is-config="true" signature="openBrowserAndLogin(java.lang.String,java.lang.String,java.lang.String)[pri:0, instance:testNg.DeleteOpportunity@451001e5]" started-at="2021-08-15T20:32:36 IST" name="openBrowserAndLogin" finished-at="2021-08-15T20:32:39 IST" duration-ms="2987" status="PASS">
          <params>
            <param index="0">
              <value>
                <![CDATA[https://login.salesforce.com]]>
              </value>
            </param>
            <param index="1">
              <value>
                <![CDATA[makaia@testleaf.com]]>
              </value>
            </param>
            <param index="2">
              <value>
                <![CDATA[SelBootcamp$123]]>
              </value>
            </param>
          </params>
          <reporter-output>
          </reporter-output>
        </test-method> <!-- openBrowserAndLogin -->
        <test-method retried="true" signature="DeleteOpportunityTest(java.lang.String,java.lang.String)[pri:0, instance:testNg.DeleteOpportunity@451001e5]" started-at="2021-08-15T20:32:39 IST" name="DeleteOpportunityTest" data-provider="fecthData" finished-at="2021-08-15T20:33:05 IST" depends-on-methods="testNg.EditOpportunity.EditOpportunityTest" duration-ms="25200" status="SKIP">
          <params>
            <param index="0">
              <value>
                <![CDATA[Salesforce Automation by Vignesh Prahash]]>
              </value>
            </param>
            <param index="1">
              <value>
                <![CDATA[Opportunity "Salesforce Automation by Vignesh Prahash" was deleted. Undo]]>
              </value>
            </param>
          </params>
          <exception class="org.openqa.selenium.NoSuchElementException">
            <message>
              <![CDATA[no such element: Unable to locate element: {"method":"xpath","selector":"//button[text()='View All']"}
  (Session info: chrome=92.0.4515.131)
For documentation on this error, please visit: https://selenium.dev/exceptions/#no_such_element
Build info: version: '4.0.0-alpha-6', revision: '5f43a29cfc'
System info: host: 'LAPTOP-LG2N16NC', ip: '192.168.99.1', os.name: 'Windows 10', os.arch: 'amd64', os.version: '10.0', java.version: '11'
Driver info: org.openqa.selenium.chrome.ChromeDriver
Capabilities {acceptInsecureCerts: false, browserName: chrome, browserVersion: 92.0.4515.131, chrome: {chromedriverVersion: 92.0.4515.107 (87a818b10553..., userDataDir: C:\Users\villu\AppData\Loca...}, goog:chromeOptions: {debuggerAddress: localhost:50078}, javascriptEnabled: true, networkConnectionEnabled: false, pageLoadStrategy: normal, platform: WINDOWS, platformName: WINDOWS, proxy: Proxy(), setWindowRect: true, strictFileInteractability: false, timeouts: {implicit: 0, pageLoad: 300000, script: 30000}, unhandledPromptBehavior: dismiss and notify, webauthn:extension:credBlob: true, webauthn:extension:largeBlob: true, webauthn:virtualAuthenticators: true}
Session ID: 5691d3c19fffd700a8dca5dc97f7b898
*** Element info: {Using=xpath, value=//button[text()='View All']}]]>
            </message>
            <full-stacktrace>
              <![CDATA[org.openqa.selenium.NoSuchElementException: no such element: Unable to locate element: {"method":"xpath","selector":"//button[text()='View All']"}
  (Session info: chrome=92.0.4515.131)
For documentation on this error, please visit: https://selenium.dev/exceptions/#no_such_element
Build info: version: '4.0.0-alpha-6', revision: '5f43a29cfc'
System info: host: 'LAPTOP-LG2N16NC', ip: '192.168.99.1', os.name: 'Windows 10', os.arch: 'amd64', os.version: '10.0', java.version: '11'
Driver info: org.openqa.selenium.chrome.ChromeDriver
Capabilities {acceptInsecureCerts: false, browserName: chrome, browserVersion: 92.0.4515.131, chrome: {chromedriverVersion: 92.0.4515.107 (87a818b10553..., userDataDir: C:\Users\villu\AppData\Loca...}, goog:chromeOptions: {debuggerAddress: localhost:50078}, javascriptEnabled: true, networkConnectionEnabled: false, pageLoadStrategy: normal, platform: WINDOWS, platformName: WINDOWS, proxy: Proxy(), setWindowRect: true, strictFileInteractability: false, timeouts: {implicit: 0, pageLoad: 300000, script: 30000}, unhandledPromptBehavior: dismiss and notify, webauthn:extension:credBlob: true, webauthn:extension:largeBlob: true, webauthn:virtualAuthenticators: true}
Session ID: 5691d3c19fffd700a8dca5dc97f7b898
*** Element info: {Using=xpath, value=//button[text()='View All']}
at java.base/jdk.internal.reflect.NativeConstructorAccessorImpl.newInstance0(Native Method)
at java.base/jdk.internal.reflect.NativeConstructorAccessorImpl.newInstance(NativeConstructorAccessorImpl.java:62)
at java.base/jdk.internal.reflect.DelegatingConstructorAccessorImpl.newInstance(DelegatingConstructorAccessorImpl.java:45)
at java.base/java.lang.reflect.Constructor.newInstance(Constructor.java:490)
at org.openqa.selenium.remote.codec.w3c.W3CHttpResponseCodec.createException(W3CHttpResponseCodec.java:196)
at org.openqa.selenium.remote.codec.w3c.W3CHttpResponseCodec.decode(W3CHttpResponseCodec.java:129)
at org.openqa.selenium.remote.codec.w3c.W3CHttpResponseCodec.decode(W3CHttpResponseCodec.java:53)
at org.openqa.selenium.remote.HttpCommandExecutor.execute(HttpCommandExecutor.java:160)
at org.openqa.selenium.remote.service.DriverCommandExecutor.execute(DriverCommandExecutor.java:83)
at org.openqa.selenium.remote.RemoteWebDriver.execute(RemoteWebDriver.java:582)
at org.openqa.selenium.remote.RemoteWebDriver.findElement(RemoteWebDriver.java:333)
at org.openqa.selenium.remote.RemoteWebDriver.findElementByXPath(RemoteWebDriver.java:451)
at org.openqa.selenium.By$ByXPath.findElement(By.java:394)
at org.openqa.selenium.remote.RemoteWebDriver.findElement(RemoteWebDriver.java:325)
at testNg.DeleteOpportunity.DeleteOpportunityTest(DeleteOpportunity.java:35)
at java.base/jdk.internal.reflect.NativeMethodAccessorImpl.invoke0(Native Method)
at java.base/jdk.internal.reflect.NativeMethodAccessorImpl.invoke(NativeMethodAccessorImpl.java:62)
at java.base/jdk.internal.reflect.DelegatingMethodAccessorImpl.invoke(DelegatingMethodAccessorImpl.java:43)
at java.base/java.lang.reflect.Method.invoke(Method.java:566)
at org.testng.internal.MethodInvocationHelper.invokeMethod(MethodInvocationHelper.java:133)
at org.testng.internal.TestInvoker.invokeMethod(TestInvoker.java:598)
at org.testng.internal.TestInvoker.retryFailed(TestInvoker.java:213)
at org.testng.internal.MethodRunner.runInSequence(MethodRunner.java:58)
at org.testng.internal.TestInvoker$MethodInvocationAgent.invoke(TestInvoker.java:824)
at org.testng.internal.TestInvoker.invokeTestMethods(TestInvoker.java:146)
at org.testng.internal.TestMethodWorker.invokeTestMethods(TestMethodWorker.java:146)
at org.testng.internal.TestMethodWorker.run(TestMethodWorker.java:128)
at java.base/java.util.concurrent.ThreadPoolExecutor.runWorker(ThreadPoolExecutor.java:1128)
at java.base/java.util.concurrent.ThreadPoolExecutor$Worker.run(ThreadPoolExecutor.java:628)
at java.base/java.lang.Thread.run(Thread.java:834)
]]>
            </full-stacktrace>
          </exception> <!-- org.openqa.selenium.NoSuchElementException -->
          <reporter-output>
          </reporter-output>
        </test-method> <!-- DeleteOpportunityTest -->
        <test-method is-config="true" signature="tearDown()[pri:0, instance:testNg.DeleteOpportunity@451001e5]" started-at="2021-08-15T20:33:05 IST" name="tearDown" finished-at="2021-08-15T20:33:07 IST" duration-ms="2218" status="PASS">
          <reporter-output>
          </reporter-output>
        </test-method> <!-- tearDown -->
        <test-method is-config="true" signature="openBrowserAndLogin(java.lang.String,java.lang.String,java.lang.String)[pri:0, instance:testNg.DeleteOpportunity@451001e5]" started-at="2021-08-15T20:33:07 IST" name="openBrowserAndLogin" finished-at="2021-08-15T20:33:12 IST" duration-ms="5542" status="PASS">
          <params>
            <param index="0">
              <value>
                <![CDATA[https://login.salesforce.com]]>
              </value>
            </param>
            <param index="1">
              <value>
                <![CDATA[makaia@testleaf.com]]>
              </value>
            </param>
            <param index="2">
              <value>
                <![CDATA[SelBootcamp$123]]>
              </value>
            </param>
          </params>
          <reporter-output>
          </reporter-output>
        </test-method> <!-- openBrowserAndLogin -->
        <test-method signature="DeleteOpportunityTest(java.lang.String,java.lang.String)[pri:0, instance:testNg.DeleteOpportunity@451001e5]" started-at="2021-08-15T20:33:12 IST" name="DeleteOpportunityTest" data-provider="fecthData" finished-at="2021-08-15T20:33:29 IST" depends-on-methods="testNg.EditOpportunity.EditOpportunityTest" duration-ms="16163" status="PASS">
          <params>
            <param index="0">
              <value>
                <![CDATA[Salesforce Automation by Vignesh Prahash]]>
              </value>
            </param>
            <param index="1">
              <value>
                <![CDATA[Opportunity "Salesforce Automation by Vignesh Prahash" was deleted. Undo]]>
              </value>
            </param>
          </params>
          <reporter-output>
          </reporter-output>
        </test-method> <!-- DeleteOpportunityTest -->
        <test-method is-config="true" signature="tearDown()[pri:0, instance:testNg.DeleteOpportunity@451001e5]" started-at="2021-08-15T20:33:29 IST" name="tearDown" finished-at="2021-08-15T20:33:31 IST" duration-ms="2313" status="PASS">
          <reporter-output>
          </reporter-output>
        </test-method> <!-- tearDown -->
      </class> <!-- testNg.DeleteOpportunity -->
    </test> <!-- Test -->
  </suite> <!-- Suite -->
</testng-results>
